Using pre-set license
Built from '2020.3/release' branch; Version is '2020.3.44f1 (7f159b6136da) revision 8328603'; Using compiler version '192528614'; Build Type 'Release'
OS: 'Windows 11  (10.0.22621) 64bit Core' Language: 'en' Physical Memory: 16208 MB
BatchMode: 1, IsHumanControllingUs: 0, StartBugReporterOnCrash: 0, Is64bit: 1, IsPro: 0

COMMAND LINE ARGUMENTS:
C:\Program Files\Unity 2020.3.44f1\Editor\Unity.exe
-adb2
-batchMode
-noUpm
-name
AssetImportWorker0
-projectPath
C:/Users/tmreb/Documents/AutumnCourtProject2D
-logFile
Logs/AssetImportWorker0.log
-srvPort
60026
Successfully changed project path to: C:/Users/tmreb/Documents/AutumnCourtProject2D
C:/Users/tmreb/Documents/AutumnCourtProject2D
Using Asset Import Pipeline V2.
Player connection [28200] Host "[IP] 192.168.1.246 [Port] 3221440736 [Flags] 2 [Guid] 298472315 [EditorId] 298472315 [Version] 1048832 [Id] WindowsEditor(7,TierraHP) [Debug] 1 [PackageName] WindowsEditor [ProjectName] Editor" joined multi-casting on [225.0.0.222:54997]...

Player connection [28200] Host "[IP] 192.168.1.246 [Port] 3221440736 [Flags] 2 [Guid] 298472315 [EditorId] 298472315 [Version] 1048832 [Id] WindowsEditor(7,TierraHP) [Debug] 1 [PackageName] WindowsEditor [ProjectName] Editor" joined alternative multi-casting on [225.0.0.222:34997]...

Refreshing native plugins compatible for Editor in 48.49 ms, found 3 plugins.
Preloading 0 native plugins for Editor in 0.00 ms.
Initialize engine version: 2020.3.44f1 (7f159b6136da)
[Subsystems] Discovering subsystems at path C:/Program Files/Unity 2020.3.44f1/Editor/Data/Resources/UnitySubsystems
[Subsystems] Discovering subsystems at path C:/Users/tmreb/Documents/AutumnCourtProject2D/Assets
GfxDevice: creating device client; threaded=0
Direct3D:
    Version:  Direct3D 11.0 [level 11.1]
    Renderer: Intel(R) UHD Graphics 630 (ID=0x9bc5)
    Vendor:   
    VRAM:     8104 MB
    Driver:   27.20.100.9415
Initialize mono
Mono path[0] = 'C:/Program Files/Unity 2020.3.44f1/Editor/Data/Managed'
Mono path[1] = 'C:/Program Files/Unity 2020.3.44f1/Editor/Data/MonoBleedingEdge/lib/mono/unityjit'
Mono config path = 'C:/Program Files/Unity 2020.3.44f1/Editor/Data/MonoBleedingEdge/etc'
Using monoOptions --debugger-agent=transport=dt_socket,embedding=1,server=y,suspend=n,address=127.0.0.1:56492
Begin MonoManager ReloadAssembly
Registering precompiled unity dll's ...
Register platform support module: C:/Program Files/Unity 2020.3.44f1/Editor/Data/PlaybackEngines/WebGLSupport/UnityEditor.WebGL.Extensions.dll
Register platform support module: C:/Program Files/Unity 2020.3.44f1/Editor/Data/PlaybackEngines/WindowsStandaloneSupport/UnityEditor.WindowsStandalone.Extensions.dll
Registered in 0.001767 seconds.
Native extension for WindowsStandalone target not found
Native extension for WebGL target not found
Refreshing native plugins compatible for Editor in 85.56 ms, found 3 plugins.
Preloading 0 native plugins for Editor in 0.00 ms.
Mono: successfully reloaded assembly
- Completed reload, in  0.636 seconds
Domain Reload Profiling:
	ReloadAssembly (637ms)
		BeginReloadAssembly (71ms)
			ExecutionOrderSort (0ms)
			DisableScriptedObjects (0ms)
			BackupInstance (0ms)
			ReleaseScriptingObjects (0ms)
			CreateAndSetChildDomain (1ms)
		EndReloadAssembly (492ms)
			LoadAssemblies (68ms)
			RebuildTransferFunctionScriptingTraits (0ms)
			SetupTypeCache (149ms)
			ReleaseScriptCaches (0ms)
			RebuildScriptCaches (30ms)
			SetupLoadedEditorAssemblies (214ms)
				LogAssemblyErrors (0ms)
				InitializePlatformSupportModulesInManaged (5ms)
				SetLoadedEditorAssemblies (1ms)
				RefreshPlugins (86ms)
				BeforeProcessingInitializeOnLoad (15ms)
				ProcessInitializeOnLoadAttributes (82ms)
				ProcessInitializeOnLoadMethodAttributes (25ms)
				AfterProcessingInitializeOnLoad (0ms)
				EditorAssembliesLoaded (0ms)
			ExecutionOrderSort2 (0ms)
			AwakeInstancesAfterBackupRestoration (0ms)
Platform modules already initialized, skipping
Registering precompiled user dll's ...
Registered in 0.002586 seconds.
Begin MonoManager ReloadAssembly
Native extension for WindowsStandalone target not found
Native extension for WebGL target not found
Refreshing native plugins compatible for Editor in 41.57 ms, found 3 plugins.
Preloading 0 native plugins for Editor in 0.00 ms.
Mono: successfully reloaded assembly
- Completed reload, in  1.269 seconds
Domain Reload Profiling:
	ReloadAssembly (1270ms)
		BeginReloadAssembly (136ms)
			ExecutionOrderSort (0ms)
			DisableScriptedObjects (4ms)
			BackupInstance (0ms)
			ReleaseScriptingObjects (0ms)
			CreateAndSetChildDomain (18ms)
		EndReloadAssembly (1079ms)
			LoadAssemblies (90ms)
			RebuildTransferFunctionScriptingTraits (0ms)
			SetupTypeCache (301ms)
			ReleaseScriptCaches (0ms)
			RebuildScriptCaches (46ms)
			SetupLoadedEditorAssemblies (547ms)
				LogAssemblyErrors (0ms)
				InitializePlatformSupportModulesInManaged (4ms)
				SetLoadedEditorAssemblies (0ms)
				RefreshPlugins (42ms)
				BeforeProcessingInitializeOnLoad (76ms)
				ProcessInitializeOnLoadAttributes (400ms)
				ProcessInitializeOnLoadMethodAttributes (21ms)
				AfterProcessingInitializeOnLoad (5ms)
				EditorAssembliesLoaded (0ms)
			ExecutionOrderSort2 (0ms)
			AwakeInstancesAfterBackupRestoration (2ms)
Platform modules already initialized, skipping
========================================================================
Worker process is ready to serve import requests
Launched and connected shader compiler UnityShaderCompiler.exe after 0.05 seconds
Refreshing native plugins compatible for Editor in 0.47 ms, found 3 plugins.
Preloading 0 native plugins for Editor in 0.00 ms.
Unloading 2184 Unused Serialized files (Serialized files now loaded: 0)
System memory in use before: 96.3 MB.
System memory in use after: 96.2 MB.

Unloading 31 unused Assets to reduce memory usage. Loaded Objects now: 2616.
Total: 3.699300 ms (FindLiveObjects: 0.206800 ms CreateObjectMapping: 0.087100 ms MarkObjects: 3.260600 ms  DeleteObjects: 0.143900 ms)

AssetImportParameters requested are different than current active one (requested -> active):
  custom:framework-win-MediaFoundation: 216162199b28c13a410421893ffa2e32 -> 
  custom:video-decoder-ogg-theora: a1e56fd34408186e4bbccfd4996cb3dc -> 
  custom:container-muxer-webm: aa71ff27fc2769a1b78a27578f13a17b -> 
  custom:container-demuxer-webm: 4f35f7cbe854078d1ac9338744f61a02 -> 
  custom:container-demuxer-ogg: 62fdf1f143b41e24485cea50d1cbac27 -> 
  custom:video-encoder-webm-vp8: eb34c28f22e8b96e1ab97ce403110664 -> 
  custom:video-decoder-webm-vp8: 9c59270c3fd7afecdb556c50c9e8de78 -> 
  custom:audio-decoder-ogg-vorbis: bf7c407c2cedff20999df2af8eb42d56 -> 
  custom:audio-encoder-webm-vorbis: bf7c407c2cedff20999df2af8eb42d56 -> 
========================================================================
Received Import Request.
  path: Assets
  artifactKey: Guid(00000000000000001000000000000000) Importer(815301076,1909f56bfc062723c751e8b465ee728b)
Start importing Assets using Guid(00000000000000001000000000000000) Importer(815301076,1909f56bfc062723c751e8b465ee728b)  -> (artifact id: '42d402b061de3733987d63b9cc3b64de') in 0.009751 seconds 
========================================================================
Received Import Request.
  Time since last request: 3.501320 seconds.
  path: Assets/Scripts
  artifactKey: Guid(2e90d6c0cd76fb244890f93b8b4aa141) Importer(815301076,1909f56bfc062723c751e8b465ee728b)
Start importing Assets/Scripts using Guid(2e90d6c0cd76fb244890f93b8b4aa141) Importer(815301076,1909f56bfc062723c751e8b465ee728b)  -> (artifact id: 'f457e9a2b51049141bc9b55e142fe1b1') in 0.013903 seconds 
========================================================================
Received Import Request.
  Time since last request: 5.998399 seconds.
  path: Assets/Assets
  artifactKey: Guid(4962f03b83e64a541a1170cc073b81a9) Importer(815301076,1909f56bfc062723c751e8b465ee728b)
Start importing Assets/Assets using Guid(4962f03b83e64a541a1170cc073b81a9) Importer(815301076,1909f56bfc062723c751e8b465ee728b)  -> (artifact id: 'd8aa45a5e69133ef1a0ecb342f0d5814') in 0.004718 seconds 
========================================================================
Received Import Request.
  Time since last request: 19.194653 seconds.
  path: Assets/Prefabs
  artifactKey: Guid(a058e8429e481484291cf080e9059aa3) Importer(815301076,1909f56bfc062723c751e8b465ee728b)
Start importing Assets/Prefabs using Guid(a058e8429e481484291cf080e9059aa3) Importer(815301076,1909f56bfc062723c751e8b465ee728b)  -> (artifact id: 'ab36102f391db944908c8b8ebc704abf') in 0.011355 seconds 
========================================================================
Received Import Request.
  Time since last request: 9.890337 seconds.
  path: Assets/Audio
  artifactKey: Guid(2e113d75004028a46bbcf329dbd179fe) Importer(815301076,1909f56bfc062723c751e8b465ee728b)
Start importing Assets/Audio using Guid(2e113d75004028a46bbcf329dbd179fe) Importer(815301076,1909f56bfc062723c751e8b465ee728b)  -> (artifact id: '2aff8db87a588e7320d88ee1040321ed') in 0.015621 seconds 
========================================================================
Received Import Request.
  Time since last request: 140.851118 seconds.
  path: Assets/Scenes
  artifactKey: Guid(131a6b21c8605f84396be9f6751fb6e3) Importer(815301076,1909f56bfc062723c751e8b465ee728b)
Start importing Assets/Scenes using Guid(131a6b21c8605f84396be9f6751fb6e3) Importer(815301076,1909f56bfc062723c751e8b465ee728b)  -> (artifact id: 'df75b7d1a31c5b4f73fd45661b403b04') in 0.012941 seconds 
========================================================================
Received Import Request.
  Time since last request: 6.753334 seconds.
  path: Assets/Scenes/SampleScene.unity
  artifactKey: Guid(2cda990e2423bbf4892e6590ba056729) Importer(815301076,1909f56bfc062723c751e8b465ee728b)
Start importing Assets/Scenes/SampleScene.unity using Guid(2cda990e2423bbf4892e6590ba056729) Importer(815301076,1909f56bfc062723c751e8b465ee728b)  -> (artifact id: '39830e642e86629427d938554181f2fd') in 0.009855 seconds 
========================================================================
Received Import Request.
  Time since last request: 2.039302 seconds.
  path: Assets/Scenes/SampleScene 1.unity
  artifactKey: Guid(798912ec6bd62c24d90952e1090f2613) Importer(815301076,1909f56bfc062723c751e8b465ee728b)
Start importing Assets/Scenes/SampleScene 1.unity using Guid(798912ec6bd62c24d90952e1090f2613) Importer(815301076,1909f56bfc062723c751e8b465ee728b)  -> (artifact id: 'cefc0c1f6a04213f81150a0ab1094fc4') in 0.011584 seconds 
========================================================================
Received Import Request.
  Time since last request: 1.230412 seconds.
  path: Assets/Scenes/SampleScene 2.unity
  artifactKey: Guid(1603c12776b2d924fa718936ba34e671) Importer(815301076,1909f56bfc062723c751e8b465ee728b)
Start importing Assets/Scenes/SampleScene 2.unity using Guid(1603c12776b2d924fa718936ba34e671) Importer(815301076,1909f56bfc062723c751e8b465ee728b)  -> (artifact id: 'c2b49a0893b35fb16bc09742fd21918a') in 0.014898 seconds 
========================================================================
Received Import Request.
  Time since last request: 2.464068 seconds.
  path: Assets/Scenes/SampleScene 3.unity
  artifactKey: Guid(3642bbe487caf5948a07d175b21667b0) Importer(815301076,1909f56bfc062723c751e8b465ee728b)
Start importing Assets/Scenes/SampleScene 3.unity using Guid(3642bbe487caf5948a07d175b21667b0) Importer(815301076,1909f56bfc062723c751e8b465ee728b)  -> (artifact id: '0df74574f0dab61d1521d419a836cab2') in 0.017022 seconds 
========================================================================
Received Import Request.
  Time since last request: 0.478533 seconds.
  path: Assets/Scenes/SampleScene 4.unity
  artifactKey: Guid(ae64408f23e3b4a4c9baaa45dc077ea9) Importer(815301076,1909f56bfc062723c751e8b465ee728b)
Start importing Assets/Scenes/SampleScene 4.unity using Guid(ae64408f23e3b4a4c9baaa45dc077ea9) Importer(815301076,1909f56bfc062723c751e8b465ee728b)  -> (artifact id: 'e7d753e302fd28f1e50f19323daadca4') in 0.015116 seconds 
========================================================================
Received Import Request.
  Time since last request: 0.573199 seconds.
  path: Assets/Scenes/SampleScene 5.unity
  artifactKey: Guid(9f92172c99c9972488d39638822c2701) Importer(815301076,1909f56bfc062723c751e8b465ee728b)
Start importing Assets/Scenes/SampleScene 5.unity using Guid(9f92172c99c9972488d39638822c2701) Importer(815301076,1909f56bfc062723c751e8b465ee728b)  -> (artifact id: '391f9a059c46de287a72109bb285ccf0') in 0.012187 seconds 
========================================================================
Received Import Request.
  Time since last request: 8.972659 seconds.
  path: Assets/Scenes/MainMenu.unity
  artifactKey: Guid(798912ec6bd62c24d90952e1090f2613) Importer(815301076,1909f56bfc062723c751e8b465ee728b)
Start importing Assets/Scenes/MainMenu.unity using Guid(798912ec6bd62c24d90952e1090f2613) Importer(815301076,1909f56bfc062723c751e8b465ee728b)  -> (artifact id: '94b72358c146759e7adc9f2a8b8ceef4') in 0.017727 seconds 
========================================================================
Received Import Request.
  Time since last request: 16.490352 seconds.
  path: Assets/Scenes/Credits.unity
  artifactKey: Guid(3642bbe487caf5948a07d175b21667b0) Importer(815301076,1909f56bfc062723c751e8b465ee728b)
Start importing Assets/Scenes/Credits.unity using Guid(3642bbe487caf5948a07d175b21667b0) Importer(815301076,1909f56bfc062723c751e8b465ee728b)  -> (artifact id: '99b8ac806c7ec986c0261286555d73a3') in 0.014142 seconds 
========================================================================
Received Import Request.
  Time since last request: 15.718939 seconds.
  path: Assets/Scenes/PuzzleOne.unity
  artifactKey: Guid(ae64408f23e3b4a4c9baaa45dc077ea9) Importer(815301076,1909f56bfc062723c751e8b465ee728b)
Start importing Assets/Scenes/PuzzleOne.unity using Guid(ae64408f23e3b4a4c9baaa45dc077ea9) Importer(815301076,1909f56bfc062723c751e8b465ee728b)  -> (artifact id: '83dc3af05901fb72da9add0e9c7cc02b') in 0.015409 seconds 
========================================================================
Received Import Request.
  Time since last request: 11.679383 seconds.
  path: Assets/Scenes/PuzzleTwo.unity
  artifactKey: Guid(9f92172c99c9972488d39638822c2701) Importer(815301076,1909f56bfc062723c751e8b465ee728b)
Start importing Assets/Scenes/PuzzleTwo.unity using Guid(9f92172c99c9972488d39638822c2701) Importer(815301076,1909f56bfc062723c751e8b465ee728b)  -> (artifact id: 'd3505b2b3a1563e30de5daec40f7e99d') in 0.012185 seconds 
========================================================================
Received Import Request.
  Time since last request: 10.240848 seconds.
  path: Assets/Scenes/PuzzleThree.unity
  artifactKey: Guid(1603c12776b2d924fa718936ba34e671) Importer(815301076,1909f56bfc062723c751e8b465ee728b)
Start importing Assets/Scenes/PuzzleThree.unity using Guid(1603c12776b2d924fa718936ba34e671) Importer(815301076,1909f56bfc062723c751e8b465ee728b)  -> (artifact id: 'cfac5896f6641c8839aae38e0108b038') in 0.059864 seconds 
========================================================================
Received Import Request.
  Time since last request: 4.766545 seconds.
  path: Assets/Scenes/SampleScene 1.unity
  artifactKey: Guid(bc16643d912f07449967a67cff124326) Importer(815301076,1909f56bfc062723c751e8b465ee728b)
Start importing Assets/Scenes/SampleScene 1.unity using Guid(bc16643d912f07449967a67cff124326) Importer(815301076,1909f56bfc062723c751e8b465ee728b)  -> (artifact id: '669101b67bbc428b41c1138f95bcccf5') in 0.002642 seconds 
========================================================================
Received Import Request.
  Time since last request: 8.638555 seconds.
  path: Assets/Scenes/Ending.unity
  artifactKey: Guid(2cda990e2423bbf4892e6590ba056729) Importer(815301076,1909f56bfc062723c751e8b465ee728b)
Start importing Assets/Scenes/Ending.unity using Guid(2cda990e2423bbf4892e6590ba056729) Importer(815301076,1909f56bfc062723c751e8b465ee728b)  -> (artifact id: '53a556d2798d3fb39ac04492fe842fbb') in 0.008921 seconds 
========================================================================
Received Import Request.
  Time since last request: 13.193598 seconds.
  path: Assets/Scenes/SampleScene.unity
  artifactKey: Guid(bc16643d912f07449967a67cff124326) Importer(815301076,1909f56bfc062723c751e8b465ee728b)
Start importing Assets/Scenes/SampleScene.unity using Guid(bc16643d912f07449967a67cff124326) Importer(815301076,1909f56bfc062723c751e8b465ee728b)  -> (artifact id: 'aa6f4c72a36a0f2da47b861ea1168493') in 0.004079 seconds 
========================================================================
Received Prepare
Registering precompiled user dll's ...
Registered in 0.002851 seconds.
Begin MonoManager ReloadAssembly
Native extension for WindowsStandalone target not found
Native extension for WebGL target not found
Refreshing native plugins compatible for Editor in 0.49 ms, found 3 plugins.
Preloading 0 native plugins for Editor in 0.00 ms.
Mono: successfully reloaded assembly
- Completed reload, in  1.372 seconds
Domain Reload Profiling:
	ReloadAssembly (1373ms)
		BeginReloadAssembly (131ms)
			ExecutionOrderSort (0ms)
			DisableScriptedObjects (6ms)
			BackupInstance (0ms)
			ReleaseScriptingObjects (0ms)
			CreateAndSetChildDomain (41ms)
		EndReloadAssembly (1168ms)
			LoadAssemblies (122ms)
			RebuildTransferFunctionScriptingTraits (0ms)
			SetupTypeCache (321ms)
			ReleaseScriptCaches (1ms)
			RebuildScriptCaches (42ms)
			SetupLoadedEditorAssemblies (591ms)
				LogAssemblyErrors (0ms)
				InitializePlatformSupportModulesInManaged (5ms)
				SetLoadedEditorAssemblies (1ms)
				RefreshPlugins (1ms)
				BeforeProcessingInitializeOnLoad (81ms)
				ProcessInitializeOnLoadAttributes (482ms)
				ProcessInitializeOnLoadMethodAttributes (15ms)
				AfterProcessingInitializeOnLoad (5ms)
				EditorAssembliesLoaded (0ms)
			ExecutionOrderSort2 (0ms)
			AwakeInstancesAfterBackupRestoration (5ms)
Platform modules already initialized, skipping
Refreshing native plugins compatible for Editor in 0.48 ms, found 3 plugins.
Preloading 0 native plugins for Editor in 0.00 ms.
Unloading 2179 Unused Serialized files (Serialized files now loaded: 0)
System memory in use before: 96.3 MB.
System memory in use after: 96.2 MB.

Unloading 20 unused Assets to reduce memory usage. Loaded Objects now: 2619.
Total: 3.476900 ms (FindLiveObjects: 0.168100 ms CreateObjectMapping: 0.093900 ms MarkObjects: 3.091100 ms  DeleteObjects: 0.123200 ms)

AssetImportParameters requested are different than current active one (requested -> active):
  custom:framework-win-MediaFoundation: 216162199b28c13a410421893ffa2e32 -> 
  custom:video-decoder-ogg-theora: a1e56fd34408186e4bbccfd4996cb3dc -> 
  custom:container-muxer-webm: aa71ff27fc2769a1b78a27578f13a17b -> 
  custom:container-demuxer-webm: 4f35f7cbe854078d1ac9338744f61a02 -> 
  custom:container-demuxer-ogg: 62fdf1f143b41e24485cea50d1cbac27 -> 
  custom:video-encoder-webm-vp8: eb34c28f22e8b96e1ab97ce403110664 -> 
  custom:video-decoder-webm-vp8: 9c59270c3fd7afecdb556c50c9e8de78 -> 
  custom:audio-decoder-ogg-vorbis: bf7c407c2cedff20999df2af8eb42d56 -> 
  custom:audio-encoder-webm-vorbis: bf7c407c2cedff20999df2af8eb42d56 -> 
========================================================================
Received Prepare
Refreshing native plugins compatible for Editor in 3.32 ms, found 3 plugins.
Preloading 0 native plugins for Editor in 0.00 ms.
Unloading 18 Unused Serialized files (Serialized files now loaded: 0)
System memory in use before: 53.3 MB.
System memory in use after: 53.3 MB.

Unloading 18 unused Assets to reduce memory usage. Loaded Objects now: 2619.
Total: 3.881800 ms (FindLiveObjects: 0.170800 ms CreateObjectMapping: 0.105900 ms MarkObjects: 3.452200 ms  DeleteObjects: 0.152400 ms)

AssetImportParameters requested are different than current active one (requested -> active):
  custom:framework-win-MediaFoundation: 216162199b28c13a410421893ffa2e32 -> 
  custom:video-decoder-ogg-theora: a1e56fd34408186e4bbccfd4996cb3dc -> 
  custom:container-muxer-webm: aa71ff27fc2769a1b78a27578f13a17b -> 
  custom:container-demuxer-webm: 4f35f7cbe854078d1ac9338744f61a02 -> 
  custom:container-demuxer-ogg: 62fdf1f143b41e24485cea50d1cbac27 -> 
  custom:video-encoder-webm-vp8: eb34c28f22e8b96e1ab97ce403110664 -> 
  custom:video-decoder-webm-vp8: 9c59270c3fd7afecdb556c50c9e8de78 -> 
  custom:audio-decoder-ogg-vorbis: bf7c407c2cedff20999df2af8eb42d56 -> 
  custom:audio-encoder-webm-vorbis: bf7c407c2cedff20999df2af8eb42d56 -> 
========================================================================
Received Import Request.
  Time since last request: 73.053215 seconds.
  path: Assets/Scenes/SampleScene 1.unity
  artifactKey: Guid(77df06b68e58c744ba3506cbad8cebb3) Importer(815301076,1909f56bfc062723c751e8b465ee728b)
Start importing Assets/Scenes/SampleScene 1.unity using Guid(77df06b68e58c744ba3506cbad8cebb3) Importer(815301076,1909f56bfc062723c751e8b465ee728b)  -> (artifact id: '7c6c445f5f82fc846fee3230fc530783') in 0.013903 seconds 
========================================================================
Received Import Request.
  Time since last request: 0.499668 seconds.
  path: Assets/Scenes/SampleScene 2.unity
  artifactKey: Guid(929365698c1aad64481bb23aa6e6fc1c) Importer(815301076,1909f56bfc062723c751e8b465ee728b)
Start importing Assets/Scenes/SampleScene 2.unity using Guid(929365698c1aad64481bb23aa6e6fc1c) Importer(815301076,1909f56bfc062723c751e8b465ee728b)  -> (artifact id: 'fc101cf52165a9b53ec7b47e6b922857') in 0.013054 seconds 
========================================================================
Received Import Request.
  Time since last request: 13.893945 seconds.
  path: Assets/Scenes/Cutscene.unity
  artifactKey: Guid(929365698c1aad64481bb23aa6e6fc1c) Importer(815301076,1909f56bfc062723c751e8b465ee728b)
Start importing Assets/Scenes/Cutscene.unity using Guid(929365698c1aad64481bb23aa6e6fc1c) Importer(815301076,1909f56bfc062723c751e8b465ee728b)  -> (artifact id: '807d7d892df8be3be2a13c3b85a1d9c7') in 0.009647 seconds 
========================================================================
Received Import Request.
  Time since last request: 8.542640 seconds.
  path: Assets/Scenes/CutsceneOne.unity
  artifactKey: Guid(929365698c1aad64481bb23aa6e6fc1c) Importer(815301076,1909f56bfc062723c751e8b465ee728b)
Start importing Assets/Scenes/CutsceneOne.unity using Guid(929365698c1aad64481bb23aa6e6fc1c) Importer(815301076,1909f56bfc062723c751e8b465ee728b)  -> (artifact id: 'bdb3a0ff3e4af46fd9ba9d03ac53f386') in 0.008973 seconds 
========================================================================
Received Import Request.
  Time since last request: 5.903273 seconds.
  path: Assets/Scenes/SampleScene 2.unity
  artifactKey: Guid(9ce13e510ec6e8745a5bf047af376d3b) Importer(815301076,1909f56bfc062723c751e8b465ee728b)
Start importing Assets/Scenes/SampleScene 2.unity using Guid(9ce13e510ec6e8745a5bf047af376d3b) Importer(815301076,1909f56bfc062723c751e8b465ee728b)  -> (artifact id: '8c07dd191f4561cb5d400b04222747cc') in 0.002569 seconds 
========================================================================
Received Import Request.
  Time since last request: 8.000312 seconds.
  path: Assets/Scenes/CutSceneTwo.unity
  artifactKey: Guid(77df06b68e58c744ba3506cbad8cebb3) Importer(815301076,1909f56bfc062723c751e8b465ee728b)
Start importing Assets/Scenes/CutSceneTwo.unity using Guid(77df06b68e58c744ba3506cbad8cebb3) Importer(815301076,1909f56bfc062723c751e8b465ee728b)  -> (artifact id: '915d46f04572a3120f85a41bfc2294df') in 0.012451 seconds 
========================================================================
Received Import Request.
  Time since last request: 8.008667 seconds.
  path: Assets/Scenes/CutsceneTwo.unity
  artifactKey: Guid(77df06b68e58c744ba3506cbad8cebb3) Importer(815301076,1909f56bfc062723c751e8b465ee728b)
Start importing Assets/Scenes/CutsceneTwo.unity using Guid(77df06b68e58c744ba3506cbad8cebb3) Importer(815301076,1909f56bfc062723c751e8b465ee728b)  -> (artifact id: '39da13d7ab1b1d0be8346c37631f35f0') in 0.012708 seconds 
========================================================================
Received Import Request.
  Time since last request: 14.697153 seconds.
  path: Assets/Scenes/CutsceneThree.unity
  artifactKey: Guid(9ce13e510ec6e8745a5bf047af376d3b) Importer(815301076,1909f56bfc062723c751e8b465ee728b)
Start importing Assets/Scenes/CutsceneThree.unity using Guid(9ce13e510ec6e8745a5bf047af376d3b) Importer(815301076,1909f56bfc062723c751e8b465ee728b)  -> (artifact id: '2b8713745d25a7250a1ee7d4a1a42845') in 0.008230 seconds 
========================================================================
Received Prepare
Refreshing native plugins compatible for Editor in 3.15 ms, found 3 plugins.
Preloading 0 native plugins for Editor in 0.00 ms.
Unloading 18 Unused Serialized files (Serialized files now loaded: 0)
System memory in use before: 53.3 MB.
System memory in use after: 53.3 MB.

Unloading 18 unused Assets to reduce memory usage. Loaded Objects now: 2619.
Total: 4.309700 ms (FindLiveObjects: 0.181200 ms CreateObjectMapping: 0.099800 ms MarkObjects: 3.832800 ms  DeleteObjects: 0.195100 ms)

AssetImportParameters requested are different than current active one (requested -> active):
  custom:framework-win-MediaFoundation: 216162199b28c13a410421893ffa2e32 -> 
  custom:video-decoder-ogg-theora: a1e56fd34408186e4bbccfd4996cb3dc -> 
  custom:container-muxer-webm: aa71ff27fc2769a1b78a27578f13a17b -> 
  custom:container-demuxer-webm: 4f35f7cbe854078d1ac9338744f61a02 -> 
  custom:container-demuxer-ogg: 62fdf1f143b41e24485cea50d1cbac27 -> 
  custom:video-encoder-webm-vp8: eb34c28f22e8b96e1ab97ce403110664 -> 
  custom:video-decoder-webm-vp8: 9c59270c3fd7afecdb556c50c9e8de78 -> 
  custom:audio-decoder-ogg-vorbis: bf7c407c2cedff20999df2af8eb42d56 -> 
  custom:audio-encoder-webm-vorbis: bf7c407c2cedff20999df2af8eb42d56 -> 
========================================================================
Received Prepare
Switching build target platform(20) subTarget(589825) extendedPlatform(0) -> platform(20) subTarget(524289) extendedPlatform(0)
Refreshing native plugins compatible for Editor in 3.00 ms, found 3 plugins.
Preloading 0 native plugins for Editor in 0.00 ms.
Unloading 18 Unused Serialized files (Serialized files now loaded: 0)
System memory in use before: 53.3 MB.
System memory in use after: 53.3 MB.

Unloading 18 unused Assets to reduce memory usage. Loaded Objects now: 2619.
Total: 3.242400 ms (FindLiveObjects: 0.167400 ms CreateObjectMapping: 0.092500 ms MarkObjects: 2.880800 ms  DeleteObjects: 0.100500 ms)

AssetImportParameters requested are different than current active one (requested -> active):
  buildTarget: platform 20, subtarget 524289, extendedPlatform 0 -> platform 20, subtarget 589825, extendedPlatform 0
  graphicsApiMask: 2048 -> 2304
  custom:framework-win-MediaFoundation: 216162199b28c13a410421893ffa2e32 -> 
  custom:video-decoder-ogg-theora: a1e56fd34408186e4bbccfd4996cb3dc -> 
  custom:container-muxer-webm: aa71ff27fc2769a1b78a27578f13a17b -> 
  custom:container-demuxer-webm: 4f35f7cbe854078d1ac9338744f61a02 -> 
  custom:container-demuxer-ogg: 62fdf1f143b41e24485cea50d1cbac27 -> 
  custom:video-encoder-webm-vp8: eb34c28f22e8b96e1ab97ce403110664 -> 
  custom:video-decoder-webm-vp8: 9c59270c3fd7afecdb556c50c9e8de78 -> 
  custom:audio-decoder-ogg-vorbis: bf7c407c2cedff20999df2af8eb42d56 -> 
  custom:audio-encoder-webm-vorbis: bf7c407c2cedff20999df2af8eb42d56 -> 
AssetImportWorkerClient::OnTransportError - code=2 error=End of file
